<?xml version="1.0" encoding="UTF-8"?>
<testng-results total="1" passed="1" failed="0" skipped="0">
  <reporter-output>
  </reporter-output>
  <suite started-at="2022-03-08T08:30:47Z" name="Default suite" finished-at="2022-03-08T08:30:52Z" duration-ms="5692">
    <groups>
    </groups>
    <test started-at="2022-03-08T08:30:47Z" name="Default test" finished-at="2022-03-08T08:30:52Z" duration-ms="5692">
      <class name="basic.automation.topic.to.learn.Formy">
        <test-method signature="formyTest()[pri:0, instance:basic.automation.topic.to.learn.Formy@63021689]" started-at="2022-03-08T14:00:47Z" name="formyTest" finished-at="2022-03-08T14:00:52Z" duration-ms="5683" status="PASS">
          <reporter-output>
          </reporter-output>
        </test-method> <!-- formyTest -->
      </class> <!-- basic.automation.topic.to.learn.Formy -->
    </test> <!-- Default test -->
  </suite> <!-- Default suite -->
</testng-results>
